<?xml version="1.0" encoding="UTF-8"?>
<!-- Generated by org.testng.reporters.JUnitReportReporter -->
<testsuite hostname="MY-PC" failures="0" tests="4" name="Blazedemo.Test.LandingPageTest" time="7.842" errors="0" timestamp="2020-11-01T17:10:25 IST" skipped="0">
  <testcase classname="Blazedemo.Test.LandingPageTest" name="Booking_verify_landingpage" time="1.201"/>
  <system-out/>
  <testcase classname="Blazedemo.Test.LandingPageTest" name="Booking_verify_chooseFlight" time="2.591"/>
  <system-out/>
  <testcase classname="Blazedemo.Test.LandingPageTest" name="Booking_verify_purchasepage" time="3.922"/>
  <system-out/>
  <testcase classname="Blazedemo.Test.LandingPageTest" name="Booking_verify_confirmationpage" time="0.128"/>
  <system-out/>
</testsuite> <!-- Blazedemo.Test.LandingPageTest -->
