<?xml version="1.0" encoding="UTF-8"?>
<!-- Generated by org.testng.reporters.JUnitReportReporter -->
<testsuite hostname="MY-PC" failures="0" tests="4" name="Blazedemo.Test.FlightBookingTest" time="7.966" errors="0" timestamp="2020-11-01T17:45:59 IST" skipped="0">
  <testcase classname="Blazedemo.Test.FlightBookingTest" name="Booking_verify_landingpage" time="2.100"/>
  <system-out/>
  <testcase classname="Blazedemo.Test.FlightBookingTest" name="Booking_verify_chooseFlight" time="1.635"/>
  <system-out/>
  <testcase classname="Blazedemo.Test.FlightBookingTest" name="Booking_verify_purchasepage" time="4.057"/>
  <system-out/>
  <testcase classname="Blazedemo.Test.FlightBookingTest" name="Booking_verify_confirmationpage" time="0.174"/>
  <system-out/>
</testsuite> <!-- Blazedemo.Test.FlightBookingTest -->
